<?xml version="1.0" encoding="UTF-8"?>
<!-- Generated by org.testng.reporters.JUnitXMLReporter -->
<testsuite hostname="dell" tests="4" failures="0" timestamp="18 Jun 2019 15:46:59 GMT" time="0.169" errors="0">
  <testcase name="createProduct" time="0.049" classname="ModelWiseExecutionDemo"/>
  <testcase name="createUser" time="0.005" classname="ModelWiseExecutionDemo"/>
  <testcase name="deleteUser" time="0.009" classname="ModelWiseExecutionDemo"/>
  <testcase name="editUser" time="0.006" classname="ModelWiseExecutionDemo"/>
</testsuite>
