<?xml version="1.0" encoding="UTF-8"?>
<testng-results skipped="0" failed="0" total="4" passed="4">
  <reporter-output>
  </reporter-output>
  <suite name="Default suite" duration-ms="169" started-at="2019-06-18T15:46:59Z" finished-at="2019-06-18T15:46:59Z">
    <groups>
      <group name="smoke">
        <method signature="ModelWiseExecutionDemo.createProduct()[pri:0, instance:ModelWiseExecutionDemo@33a10788]" name="createProduct" class="ModelWiseExecutionDemo"/>
        <method signature="ModelWiseExecutionDemo.createUser()[pri:0, instance:ModelWiseExecutionDemo@33a10788]" name="createUser" class="ModelWiseExecutionDemo"/>
        <method signature="ModelWiseExecutionDemo.deleteUser()[pri:0, instance:ModelWiseExecutionDemo@33a10788]" name="deleteUser" class="ModelWiseExecutionDemo"/>
        <method signature="ModelWiseExecutionDemo.editUser()[pri:0, instance:ModelWiseExecutionDemo@33a10788]" name="editUser" class="ModelWiseExecutionDemo"/>
      </group> <!-- smoke -->
      <group name="user">
        <method signature="ModelWiseExecutionDemo.createProduct()[pri:0, instance:ModelWiseExecutionDemo@33a10788]" name="createProduct" class="ModelWiseExecutionDemo"/>
        <method signature="ModelWiseExecutionDemo.createUser()[pri:0, instance:ModelWiseExecutionDemo@33a10788]" name="createUser" class="ModelWiseExecutionDemo"/>
        <method signature="ModelWiseExecutionDemo.deleteUser()[pri:0, instance:ModelWiseExecutionDemo@33a10788]" name="deleteUser" class="ModelWiseExecutionDemo"/>
        <method signature="ModelWiseExecutionDemo.editUser()[pri:0, instance:ModelWiseExecutionDemo@33a10788]" name="editUser" class="ModelWiseExecutionDemo"/>
      </group> <!-- user -->
    </groups>
    <test name="Default test" duration-ms="169" started-at="2019-06-18T15:46:59Z" finished-at="2019-06-18T15:46:59Z">
      <class name="ModelWiseExecutionDemo">
        <test-method status="PASS" signature="createProduct()[pri:0, instance:ModelWiseExecutionDemo@33a10788]" name="createProduct" duration-ms="49" started-at="2019-06-18T21:16:59Z" finished-at="2019-06-18T21:16:59Z">
          <reporter-output>
          </reporter-output>
        </test-method> <!-- createProduct -->
        <test-method status="PASS" signature="createUser()[pri:0, instance:ModelWiseExecutionDemo@33a10788]" name="createUser" duration-ms="5" started-at="2019-06-18T21:16:59Z" finished-at="2019-06-18T21:16:59Z">
          <reporter-output>
          </reporter-output>
        </test-method> <!-- createUser -->
        <test-method status="PASS" signature="deleteUser()[pri:0, instance:ModelWiseExecutionDemo@33a10788]" name="deleteUser" duration-ms="9" started-at="2019-06-18T21:16:59Z" finished-at="2019-06-18T21:16:59Z">
          <reporter-output>
          </reporter-output>
        </test-method> <!-- deleteUser -->
        <test-method status="PASS" signature="editUser()[pri:0, instance:ModelWiseExecutionDemo@33a10788]" name="editUser" duration-ms="6" started-at="2019-06-18T21:16:59Z" finished-at="2019-06-18T21:16:59Z">
          <reporter-output>
          </reporter-output>
        </test-method> <!-- editUser -->
      </class> <!-- ModelWiseExecutionDemo -->
    </test> <!-- Default test -->
  </suite> <!-- Default suite -->
</testng-results>
